2025-03-02 15:56:23,727 - INFO - Request Time: 2025-03-02 15:56:23
2025-03-02 15:56:23,727 - INFO - Request URL: http://localhost/post
2025-03-02 15:56:23,727 - INFO - Request Headers: {'User-Agent': 'Werkzeug/3.1.3', 'Host': 'localhost', 'Content-Type': 'application/json', 'Content-Length': '36'}
2025-03-02 15:56:23,727 - INFO - Request Body: {'key1': 'value1', 'key2': 'value2'}
2025-03-02 15:56:23,729 - INFO - Request Time: 2025-03-02 15:56:23
2025-03-02 15:56:23,730 - INFO - Request URL: http://localhost/post
2025-03-02 15:56:23,730 - INFO - Request Headers: {'User-Agent': 'Werkzeug/3.1.3', 'Host': 'localhost', 'Content-Type': 'application/json', 'Content-Length': '14'}
2025-03-02 15:56:23,730 - INFO - Request Body: b'{invalid json}'
2025-03-02 15:56:23,732 - INFO - Request Time: 2025-03-02 15:56:23
2025-03-02 15:56:23,732 - INFO - Request URL: http://localhost/post
2025-03-02 15:56:23,732 - INFO - Request Headers: {'User-Agent': 'Werkzeug/3.1.3', 'Host': 'localhost', 'Content-Type': 'application/json', 'Content-Length': '8'}
2025-03-02 15:56:23,733 - INFO - Request Body: b'not json'
2025-03-02 15:57:22,004 - INFO - [31m[1mWARNING: This is a development server. Do not use it in a production deployment. Use a production WSGI server instead.[0m
 * Running on http://127.0.0.1:5000
2025-03-02 15:57:22,005 - INFO - [33mPress CTRL+C to quit[0m
2025-03-02 15:57:22,010 - INFO -  * Restarting with stat
2025-03-02 15:57:22,482 - WARNING -  * Debugger is active!
2025-03-02 15:57:22,489 - INFO -  * Debugger PIN: 416-140-743
2025-03-02 15:58:01,885 - INFO - Request Time: 2025-03-02 15:58:01
2025-03-02 15:58:01,885 - INFO - Request URL: http://localhost/post
2025-03-02 15:58:01,885 - INFO - Request Headers: {'User-Agent': 'Werkzeug/3.1.3', 'Host': 'localhost', 'Content-Type': 'application/json', 'Content-Length': '36'}
2025-03-02 15:58:01,885 - INFO - Request Body: {'key1': 'value1', 'key2': 'value2'}
2025-03-02 15:58:01,887 - INFO - Request Time: 2025-03-02 15:58:01
2025-03-02 15:58:01,887 - INFO - Request URL: http://localhost/post
2025-03-02 15:58:01,887 - INFO - Request Headers: {'User-Agent': 'Werkzeug/3.1.3', 'Host': 'localhost', 'Content-Type': 'application/json', 'Content-Length': '14'}
2025-03-02 15:58:01,887 - INFO - Request Body: b'{invalid json}'
2025-03-02 15:58:01,888 - INFO - Request Time: 2025-03-02 15:58:01
2025-03-02 15:58:01,889 - INFO - Request URL: http://localhost/post
2025-03-02 15:58:01,889 - INFO - Request Headers: {'User-Agent': 'Werkzeug/3.1.3', 'Host': 'localhost', 'Content-Type': 'application/json', 'Content-Length': '8'}
2025-03-02 15:58:01,889 - INFO - Request Body: b'not json'
2025-03-02 15:58:54,221 - INFO -  * Detected change in 'D:\\workspace\\brucetool\\brucetool\\infocenter\\app.py', reloading
2025-03-02 15:58:54,390 - INFO -  * Restarting with stat
2025-03-02 15:58:55,092 - WARNING -  * Debugger is active!
2025-03-02 15:58:55,103 - INFO -  * Debugger PIN: 416-140-743
2025-03-02 15:59:15,413 - INFO - [31m[1mWARNING: This is a development server. Do not use it in a production deployment. Use a production WSGI server instead.[0m
 * Running on http://127.0.0.1:5000
2025-03-02 15:59:15,413 - INFO - [33mPress CTRL+C to quit[0m
2025-03-02 15:59:15,416 - INFO -  * Restarting with stat
2025-03-02 15:59:15,835 - WARNING -  * Debugger is active!
2025-03-02 15:59:15,844 - INFO -  * Debugger PIN: 416-140-743
2025-03-02 15:59:36,086 - INFO - Request Time: 2025-03-02 15:59:36
2025-03-02 15:59:36,086 - INFO - Request URL: http://localhost/post
2025-03-02 15:59:36,086 - INFO - Request Headers: {'User-Agent': 'Werkzeug/3.1.3', 'Host': 'localhost', 'Content-Type': 'application/json', 'Content-Length': '36'}
2025-03-02 15:59:36,086 - INFO - Request Body: {'key1': 'value1', 'key2': 'value2'}
2025-03-02 15:59:36,088 - ERROR - An error occurred: 400 Bad Request: The browser (or proxy) sent a request that this server could not understand.
2025-03-02 15:59:36,089 - ERROR - An error occurred: 400 Bad Request: The browser (or proxy) sent a request that this server could not understand.
